{
  "RSpec": {
    "coverage": {
      "/Users/harrygalliano/job_apps/spec/receiver_spec.rb": [
        1,
        null,
        1,
        1,
        3,
        null,
        null,
        1,
        1,
        1,
        null,
        null,
        null,
        1,
        1,
        1,
        null,
        null,
        null,
        null,
        1,
        1,
        1,
        null,
        null,
        null
      ],
      "/Users/harrygalliano/job_apps/lib/receiver.rb": [
        1,
        1,
        3,
        3,
        3,
        null,
        null,
        null,
        null,
        1,
        3,
        3,
        33,
        33,
        null,
        null,
        null,
        1,
        3,
        21,
        18,
        null,
        null,
        null
      ]
    },
    "timestamp": 1563185334
  }
}
